                      :-) GROMACS - gmx mdrun, 2019.3 (-:

                            GROMACS is written by:
     Emile Apol      Rossen Apostolov      Paul Bauer     Herman J.C. Berendsen
    Par Bjelkmar      Christian Blau   Viacheslav Bolnykh     Kevin Boyd    
 Aldert van Buuren   Rudi van Drunen     Anton Feenstra       Alan Gray     
  Gerrit Groenhof     Anca Hamuraru    Vincent Hindriksen  M. Eric Irrgang  
  Aleksei Iupinov   Christoph Junghans     Joe Jordan     Dimitrios Karkoulis
    Peter Kasson        Jiri Kraus      Carsten Kutzner      Per Larsson    
  Justin A. Lemkul    Viveca Lindahl    Magnus Lundborg     Erik Marklund   
    Pascal Merz     Pieter Meulenhoff    Teemu Murtola       Szilard Pall   
    Sander Pronk      Roland Schulz      Michael Shirts    Alexey Shvetsov  
   Alfons Sijbers     Peter Tieleman      Jon Vincent      Teemu Virolainen 
 Christian Wennberg    Maarten Wolf   
                           and the project leaders:
        Mark Abraham, Berk Hess, Erik Lindahl, and David van der Spoel

Copyright (c) 1991-2000, University of Groningen, The Netherlands.
Copyright (c) 2001-2018, The GROMACS development team at
Uppsala University, Stockholm University and
the Royal Institute of Technology, Sweden.
check out http://www.gromacs.org for more information.

GROMACS is free software; you can redistribute it and/or modify it
under the terms of the GNU Lesser General Public License
as published by the Free Software Foundation; either version 2.1
of the License, or (at your option) any later version.

GROMACS:      gmx mdrun, version 2019.3
Executable:   /shared/ucl/apps/gromacs/2019.3/plumed/intel-2018/bin/gmx_mpi
Data prefix:  /shared/ucl/apps/gromacs/2019.3/plumed/intel-2018
Working dir:  /lustre/scratch/scratch/ucecmpa/organic_molecules_simulations/sample_metad/Systems/ccdc-xxxii_toluene/npt
Process ID:   196809
Command line:
  gmx_mpi mdrun -deffnm npt -v -nsteps 50000

GROMACS version:    2019.3
Precision:          single
Memory model:       64 bit
MPI library:        MPI
OpenMP support:     enabled (GMX_OPENMP_MAX_THREADS = 64)
GPU support:        disabled
SIMD instructions:  AVX_512
FFT library:        Intel MKL
RDTSCP usage:       enabled
TNG support:        enabled
Hwloc support:      disabled
Tracing support:    disabled
C compiler:         /shared/ucl/apps/intel/2018.Update3/compilers_and_libraries_2018.3.222/linux/bin/intel64/icc Intel 18.0.3.20180410
C compiler flags:    -xCORE-AVX512 -qopt-zmm-usage=high   -mkl=sequential  -std=gnu99  -O3 -DNDEBUG -ip -funroll-all-loops -alias-const -ansi-alias -no-prec-div -fimf-domain-exclusion=14 -qoverride-limits  
C++ compiler:       /shared/ucl/apps/intel/2018.Update3/compilers_and_libraries_2018.3.222/linux/bin/intel64/icpc Intel 18.0.3.20180410
C++ compiler flags:  -xCORE-AVX512 -qopt-zmm-usage=high   -mkl=sequential  -std=c++11   -O3 -DNDEBUG -ip -funroll-all-loops -alias-const -ansi-alias -no-prec-div -fimf-domain-exclusion=14 -qoverride-limits  


Running on 1 node with total 36 cores, 36 logical cores
Hardware detected on host node-d00a-247.myriad.ucl.ac.uk (the node of MPI rank 0):
  CPU info:
    Vendor: Intel
    Brand:  Intel(R) Xeon(R) Gold 6240 CPU @ 2.60GHz
    Family: 6   Model: 85   Stepping: 7
    Features: aes apic avx avx2 avx512f avx512cd avx512bw avx512vl clfsh cmov cx8 cx16 f16c fma hle htt intel lahf mmx msr nonstop_tsc pcid pclmuldq pdcm pdpe1gb popcnt pse rdrnd rdtscp rtm sse2 sse3 sse4.1 sse4.2 ssse3 tdt x2apic
    Number of AVX-512 FMA units: 2
  Hardware topology: Only logical processor count


++++ PLEASE READ AND CITE THE FOLLOWING REFERENCE ++++
M. J. Abraham, T. Murtola, R. Schulz, S. Páll, J. C. Smith, B. Hess, E.
Lindahl
GROMACS: High performance molecular simulations through multi-level
parallelism from laptops to supercomputers
SoftwareX 1 (2015) pp. 19-25
-------- -------- --- Thank You --- -------- --------


++++ PLEASE READ AND CITE THE FOLLOWING REFERENCE ++++
S. Páll, M. J. Abraham, C. Kutzner, B. Hess, E. Lindahl
Tackling Exascale Software Challenges in Molecular Dynamics Simulations with
GROMACS
In S. Markidis & E. Laure (Eds.), Solving Software Challenges for Exascale 8759 (2015) pp. 3-27
-------- -------- --- Thank You --- -------- --------


++++ PLEASE READ AND CITE THE FOLLOWING REFERENCE ++++
S. Pronk, S. Páll, R. Schulz, P. Larsson, P. Bjelkmar, R. Apostolov, M. R.
Shirts, J. C. Smith, P. M. Kasson, D. van der Spoel, B. Hess, and E. Lindahl
GROMACS 4.5: a high-throughput and highly parallel open source molecular
simulation toolkit
Bioinformatics 29 (2013) pp. 845-54
-------- -------- --- Thank You --- -------- --------


++++ PLEASE READ AND CITE THE FOLLOWING REFERENCE ++++
B. Hess and C. Kutzner and D. van der Spoel and E. Lindahl
GROMACS 4: Algorithms for highly efficient, load-balanced, and scalable
molecular simulation
J. Chem. Theory Comput. 4 (2008) pp. 435-447
-------- -------- --- Thank You --- -------- --------


++++ PLEASE READ AND CITE THE FOLLOWING REFERENCE ++++
D. van der Spoel, E. Lindahl, B. Hess, G. Groenhof, A. E. Mark and H. J. C.
Berendsen
GROMACS: Fast, Flexible and Free
J. Comp. Chem. 26 (2005) pp. 1701-1719
-------- -------- --- Thank You --- -------- --------


++++ PLEASE READ AND CITE THE FOLLOWING REFERENCE ++++
E. Lindahl and B. Hess and D. van der Spoel
GROMACS 3.0: A package for molecular simulation and trajectory analysis
J. Mol. Mod. 7 (2001) pp. 306-317
-------- -------- --- Thank You --- -------- --------


++++ PLEASE READ AND CITE THE FOLLOWING REFERENCE ++++
H. J. C. Berendsen, D. van der Spoel and R. van Drunen
GROMACS: A message-passing parallel molecular dynamics implementation
Comp. Phys. Comm. 91 (1995) pp. 43-56
-------- -------- --- Thank You --- -------- --------


++++ PLEASE CITE THE DOI FOR THIS VERSION OF GROMACS ++++
https://doi.org/10.5281/zenodo.3243833
-------- -------- --- Thank You --- -------- --------


The number of OpenMP threads was set by environment variable OMP_NUM_THREADS to 6

Input Parameters:
   integrator                     = md
   tinit                          = 0
   dt                             = 0.002
   nsteps                         = 50000
   init-step                      = 0
   simulation-part                = 1
   comm-mode                      = Linear
   nstcomm                        = 100
   bd-fric                        = 0
   ld-seed                        = 294191187
   emtol                          = 10
   emstep                         = 0.01
   niter                          = 20
   fcstep                         = 0
   nstcgsteep                     = 1000
   nbfgscorr                      = 10
   rtpi                           = 0.05
   nstxout                        = 0
   nstvout                        = 0
   nstfout                        = 0
   nstlog                         = 10000
   nstcalcenergy                  = 100
   nstenergy                      = 10000
   nstxout-compressed             = 10000
   compressed-x-precision         = 1000
   cutoff-scheme                  = Verlet
   nstlist                        = 10
   ns-type                        = Grid
   pbc                            = xyz
   periodic-molecules             = false
   verlet-buffer-tolerance        = 0.005
   rlist                          = 1.2
   coulombtype                    = PME
   coulomb-modifier               = Potential-shift
   rcoulomb-switch                = 0
   rcoulomb                       = 1.2
   epsilon-r                      = 1
   epsilon-rf                     = inf
   vdw-type                       = Cut-off
   vdw-modifier                   = None
   rvdw-switch                    = 0
   rvdw                           = 1.2
   DispCorr                       = No
   table-extension                = 1
   fourierspacing                 = 0.16
   fourier-nx                     = 24
   fourier-ny                     = 24
   fourier-nz                     = 24
   pme-order                      = 4
   ewald-rtol                     = 1e-05
   ewald-rtol-lj                  = 0.001
   lj-pme-comb-rule               = Geometric
   ewald-geometry                 = 0
   epsilon-surface                = 0
   tcoupl                         = V-rescale
   nsttcouple                     = 10
   nh-chain-length                = 0
   print-nose-hoover-chain-variables = false
   pcoupl                         = Parrinello-Rahman
   pcoupltype                     = Isotropic
   nstpcouple                     = 10
   tau-p                          = 10
   compressibility (3x3):
      compressibility[    0]={ 1.00000e-05,  0.00000e+00,  0.00000e+00}
      compressibility[    1]={ 0.00000e+00,  1.00000e-05,  0.00000e+00}
      compressibility[    2]={ 0.00000e+00,  0.00000e+00,  1.00000e-05}
   ref-p (3x3):
      ref-p[    0]={ 1.00000e+00,  0.00000e+00,  0.00000e+00}
      ref-p[    1]={ 0.00000e+00,  1.00000e+00,  0.00000e+00}
      ref-p[    2]={ 0.00000e+00,  0.00000e+00,  1.00000e+00}
   refcoord-scaling               = No
   posres-com (3):
      posres-com[0]= 0.00000e+00
      posres-com[1]= 0.00000e+00
      posres-com[2]= 0.00000e+00
   posres-comB (3):
      posres-comB[0]= 0.00000e+00
      posres-comB[1]= 0.00000e+00
      posres-comB[2]= 0.00000e+00
   QMMM                           = false
   QMconstraints                  = 0
   QMMMscheme                     = 0
   MMChargeScaleFactor            = 1
qm-opts:
   ngQM                           = 0
   constraint-algorithm           = Lincs
   continuation                   = false
   Shake-SOR                      = false
   shake-tol                      = 0.0001
   lincs-order                    = 4
   lincs-iter                     = 1
   lincs-warnangle                = 30
   nwall                          = 0
   wall-type                      = 9-3
   wall-r-linpot                  = -1
   wall-atomtype[0]               = -1
   wall-atomtype[1]               = -1
   wall-density[0]                = 0
   wall-density[1]                = 0
   wall-ewald-zfac                = 3
   pull                           = false
   awh                            = false
   rotation                       = false
   interactiveMD                  = false
   disre                          = No
   disre-weighting                = Conservative
   disre-mixed                    = false
   dr-fc                          = 1000
   dr-tau                         = 0
   nstdisreout                    = 100
   orire-fc                       = 0
   orire-tau                      = 0
   nstorireout                    = 100
   free-energy                    = no
   cos-acceleration               = 0
   deform (3x3):
      deform[    0]={ 0.00000e+00,  0.00000e+00,  0.00000e+00}
      deform[    1]={ 0.00000e+00,  0.00000e+00,  0.00000e+00}
      deform[    2]={ 0.00000e+00,  0.00000e+00,  0.00000e+00}
   simulated-tempering            = false
   swapcoords                     = no
   userint1                       = 0
   userint2                       = 0
   userint3                       = 0
   userint4                       = 0
   userreal1                      = 0
   userreal2                      = 0
   userreal3                      = 0
   userreal4                      = 0
   applied-forces:
     electric-field:
       x:
         E0                       = 0
         omega                    = 0
         t0                       = 0
         sigma                    = 0
       y:
         E0                       = 0
         omega                    = 0
         t0                       = 0
         sigma                    = 0
       z:
         E0                       = 0
         omega                    = 0
         t0                       = 0
         sigma                    = 0
grpopts:
   nrdf:        8925
   ref-t:         300
   tau-t:         0.1
annealing:          No
annealing-npoints:           0
   acc:	           0           0           0
   nfreeze:           N           N           N
   energygrp-flags[  0]: 0

The -nsteps functionality is deprecated, and may be removed in a future version. Consider using gmx convert-tpr -nsteps or changing the appropriate .mdp file field.

Overriding nsteps with value passed on the command line: 50000 steps, 100 ps
Changing nstlist from 10 to 100, rlist from 1.2 to 1.2


Initializing Domain Decomposition on 2 ranks
Dynamic load balancing: locked
Minimum cell size due to atom displacement: 0.750 nm
Initial maximum distances in bonded interactions:
    two-body bonded interactions: 0.411 nm, LJ-14, atoms 42 37
  multi-body bonded interactions: 0.411 nm, Proper Dih., atoms 42 37
Minimum cell size due to bonded interactions: 0.452 nm
Maximum distance for 5 constraints, at 120 deg. angles, all-trans: 0.219 nm
Estimated maximum distance required for P-LINCS: 0.219 nm
Using 0 separate PME ranks, as there are too few total
 ranks for efficient splitting
Scaling the initial minimum size with 1/0.8 (option -dds) = 1.25
Optimizing the DD grid for 2 cells with a minimum initial size of 0.938 nm
The maximum allowed number of cells is: X 3 Y 3 Z 3
Domain decomposition grid 2 x 1 x 1, separate PME ranks 0
PME domain decomposition: 2 x 1 x 1
Domain decomposition rank 0, coordinates 0 0 0

The initial number of communication pulses is: X 1
The initial domain decomposition cell size is: X 1.75 nm

The maximum allowed distance for atoms involved in interactions is:
                 non-bonded interactions           1.200 nm
(the following are initial values, they could change due to box deformation)
            two-body bonded interactions  (-rdd)   1.200 nm
          multi-body bonded interactions  (-rdd)   1.200 nm
  atoms separated by up to 5 constraints  (-rcon)  1.750 nm

When dynamic load balancing gets turned on, these settings will change to:
The maximum number of communication pulses is: X 1
The minimum size for domain decomposition cells is 1.200 nm
The requested allowed shrink of DD cells (option -dds) is: 0.80
The allowed shrink of domain decomposition cells is: X 0.69
The maximum allowed distance for atoms involved in interactions is:
                 non-bonded interactions           1.200 nm
            two-body bonded interactions  (-rdd)   1.200 nm
          multi-body bonded interactions  (-rdd)   1.200 nm
  atoms separated by up to 5 constraints  (-rcon)  1.200 nm

Using 2 MPI processes
Using 6 OpenMP threads per MPI process


Non-default thread affinity set probably by the OpenMP library,
disabling internal thread affinity
System total charge: -0.000
Will do PME sum in reciprocal space for electrostatic interactions.

++++ PLEASE READ AND CITE THE FOLLOWING REFERENCE ++++
U. Essmann, L. Perera, M. L. Berkowitz, T. Darden, H. Lee and L. G. Pedersen 
A smooth particle mesh Ewald method
J. Chem. Phys. 103 (1995) pp. 8577-8592
-------- -------- --- Thank You --- -------- --------

Using a Gaussian width (1/beta) of 0.384195 nm for Ewald
Potential shift: LJ r^-12: 0.000e+00 r^-6: 0.000e+00, Ewald -8.333e-06
Initialized non-bonded Ewald correction tables, spacing: 1.02e-03 size: 1176

Generated table with 1100 data points for 1-4 COUL.
Tabscale = 500 points/nm
Generated table with 1100 data points for 1-4 LJ6.
Tabscale = 500 points/nm
Generated table with 1100 data points for 1-4 LJ12.
Tabscale = 500 points/nm

Using SIMD 4x8 nonbonded short-range kernels

Using a 4x8 pair-list setup:
  updated every 100 steps, buffer 0.000 nm, rlist 1.200 nm
At tolerance 0.005 kJ/mol/ps per atom, equivalent classical 1x1 list would be:
  updated every 100 steps, buffer 0.171 nm, rlist 1.371 nm

Using Lorentz-Berthelot Lennard-Jones combination rule

Removing pbc first time

Initializing Parallel LINear Constraint Solver

++++ PLEASE READ AND CITE THE FOLLOWING REFERENCE ++++
B. Hess
P-LINCS: A Parallel Linear Constraint Solver for molecular simulation
J. Chem. Theory Comput. 4 (2008) pp. 116-122
-------- -------- --- Thank You --- -------- --------

The number of constraints is 1920
There are constraints between atoms in different decomposition domains,
will communicate selected coordinates each lincs iteration

Linking all bonded interactions to atoms


Intra-simulation communication will occur every 10 steps.
Center of mass motion removal mode is Linear
We have the following groups for center of mass motion removal:
  0:  rest

++++ PLEASE READ AND CITE THE FOLLOWING REFERENCE ++++
G. Bussi, D. Donadio and M. Parrinello
Canonical sampling through velocity rescaling
J. Chem. Phys. 126 (2007) pp. 014101
-------- -------- --- Thank You --- -------- --------

There are: 3616 Atoms
Atom distribution over 2 domains: av 1808 stddev 19 min 1789 max 1827

Constraining the starting coordinates (step 0)

Constraining the coordinates at t0-dt (step 0)
RMS relative constraint deviation after constraining: 2.33e-06
Initial temperature: 312.239 K

Started mdrun on rank 0 Mon Oct 30 17:17:52 2023

           Step           Time
              0        0.00000

   Energies (kJ/mol)
           Bond          Angle    Proper Dih.  Improper Dih.          LJ-14
    2.18276e+03    4.20076e+03    2.57994e+03    2.06538e+02    3.08907e+03
     Coulomb-14        LJ (SR)   Coulomb (SR)   Coul. recip.      Potential
   -5.47330e+03   -8.42760e+03    2.75364e+03    2.87951e+02    1.39976e+03
    Kinetic En.   Total Energy  Conserved En.    Temperature Pressure (bar)
    1.15429e+04    1.29426e+04    1.29452e+04    3.11102e+02    4.74723e+01
   Constr. rmsd
    2.55469e-06


DD  step 99 load imb.: force 32.2%

step 200 Turning on dynamic load balancing, because the performance loss due to load imbalance is 14.8 %.
step 8000 Turning off dynamic load balancing, because it is degrading performance.
Atom distribution over 2 domains: av 1808 stddev 10 min 1798 max 1818

DD  step 9999 load imb.: force 34.1%
           Step           Time
          10000       20.00000

   Energies (kJ/mol)
           Bond          Angle    Proper Dih.  Improper Dih.          LJ-14
    2.15207e+03    4.29036e+03    2.47246e+03    2.01489e+02    3.13824e+03
     Coulomb-14        LJ (SR)   Coulomb (SR)   Coul. recip.      Potential
   -5.47827e+03   -8.22829e+03    2.75028e+03    2.62079e+02    1.56043e+03
    Kinetic En.   Total Energy  Conserved En.    Temperature Pressure (bar)
    1.08825e+04    1.24430e+04    1.29435e+04    2.93304e+02   -2.89845e+02
   Constr. rmsd
    2.28737e-06


DD  step 19999 load imb.: force 32.8%

step 20000 Turning on dynamic load balancing, because the performance loss due to load imbalance is 11.1 %.
           Step           Time
          20000       40.00000

   Energies (kJ/mol)
           Bond          Angle    Proper Dih.  Improper Dih.          LJ-14
    2.12145e+03    4.20251e+03    2.54464e+03    2.02048e+02    3.10188e+03
     Coulomb-14        LJ (SR)   Coulomb (SR)   Coul. recip.      Potential
   -5.45344e+03   -8.21085e+03    2.74757e+03    2.75051e+02    1.53087e+03
    Kinetic En.   Total Energy  Conserved En.    Temperature Pressure (bar)
    1.11489e+04    1.26797e+04    1.29080e+04    3.00482e+02   -1.16293e+02
   Constr. rmsd
    2.56196e-06

step 26000 Turning off dynamic load balancing, because it is degrading performance.
Atom distribution over 2 domains: av 1808 stddev 10 min 1798 max 1818

DD  step 29999 load imb.: force 33.4%

step 30000 Turning on dynamic load balancing, because the performance loss due to load imbalance is 10.7 %.
           Step           Time
          30000       60.00000

   Energies (kJ/mol)
           Bond          Angle    Proper Dih.  Improper Dih.          LJ-14
    2.24762e+03    4.14247e+03    2.56205e+03    2.09565e+02    3.04106e+03
     Coulomb-14        LJ (SR)   Coulomb (SR)   Coul. recip.      Potential
   -5.44884e+03   -8.39502e+03    2.70402e+03    2.80902e+02    1.34382e+03
    Kinetic En.   Total Energy  Conserved En.    Temperature Pressure (bar)
    1.12082e+04    1.25521e+04    1.29167e+04    3.02082e+02   -1.03773e+03
   Constr. rmsd
    2.18493e-06

step 32000 Turning off dynamic load balancing, because it is degrading performance.
Atom distribution over 2 domains: av 1808 stddev 32 min 1776 max 1840

DD  step 39999 load imb.: force 32.9%

step 40000 Will no longer try dynamic load balancing, as it degraded performance.
           Step           Time
          40000       80.00000

   Energies (kJ/mol)
           Bond          Angle    Proper Dih.  Improper Dih.          LJ-14
    2.23681e+03    4.07541e+03    2.62012e+03    2.21491e+02    3.06777e+03
     Coulomb-14        LJ (SR)   Coulomb (SR)   Coul. recip.      Potential
   -5.46043e+03   -8.17551e+03    2.74506e+03    2.78996e+02    1.60969e+03
    Kinetic En.   Total Energy  Conserved En.    Temperature Pressure (bar)
    1.10673e+04    1.26770e+04    1.28991e+04    2.98285e+02   -4.59366e+02
   Constr. rmsd
    2.34182e-06


DD  step 49999 load imb.: force 32.8%
           Step           Time
          50000      100.00000

Writing checkpoint, step 50000 at Mon Oct 30 17:19:04 2023


   Energies (kJ/mol)
           Bond          Angle    Proper Dih.  Improper Dih.          LJ-14
    2.36094e+03    4.32030e+03    2.53434e+03    2.01428e+02    3.06058e+03
     Coulomb-14        LJ (SR)   Coulomb (SR)   Coul. recip.      Potential
   -5.45484e+03   -8.06977e+03    2.72701e+03    2.86884e+02    1.96687e+03
    Kinetic En.   Total Energy  Conserved En.    Temperature Pressure (bar)
    1.12569e+04    1.32238e+04    1.28669e+04    3.03394e+02   -8.18595e+02
   Constr. rmsd
    2.61830e-06

	<======  ###############  ==>
	<====  A V E R A G E S  ====>
	<==  ###############  ======>

	Statistics over 50001 steps using 501 frames

   Energies (kJ/mol)
           Bond          Angle    Proper Dih.  Improper Dih.          LJ-14
    2.15333e+03    4.25337e+03    2.55592e+03    2.11359e+02    3.09633e+03
     Coulomb-14        LJ (SR)   Coulomb (SR)   Coul. recip.      Potential
   -5.46021e+03   -8.24208e+03    2.73412e+03    2.77325e+02    1.57946e+03
    Kinetic En.   Total Energy  Conserved En.    Temperature Pressure (bar)
    1.11334e+04    1.27128e+04    1.29180e+04    3.00064e+02    4.63527e+01
   Constr. rmsd
    0.00000e+00

          Box-X          Box-Y          Box-Z
    3.51089e+00    3.51089e+00    3.51089e+00

   Total Virial (kJ/mol)
    3.59455e+03    1.33391e+01    3.27938e+01
    1.33385e+01    3.69740e+03   -4.30382e+01
    3.27942e+01   -4.30376e+01    3.66277e+03

   Pressure (bar)
    9.24004e+01   -1.24596e+01   -2.26700e+01
   -1.24592e+01    1.11646e+01    3.65138e+01
   -2.26703e+01    3.65134e+01    3.54932e+01


	M E G A - F L O P S   A C C O U N T I N G

 NB=Group-cutoff nonbonded kernels    NxN=N-by-N cluster Verlet kernels
 RF=Reaction-Field  VdW=Van der Waals  QSTab=quadratic-spline table
 W3=SPC/TIP3p  W4=TIP4p (single or pairs)
 V&F=Potential and force  V=Potential only  F=Force only

 Computing:                               M-Number         M-Flops  % Flops
-----------------------------------------------------------------------------
 Pair Search distance check             778.640512        7007.765     0.1
 NxN Ewald Elec. + LJ [F]            112117.621968     7399763.050    91.8
 NxN Ewald Elec. + LJ [V&F]            1134.729008      121416.004     1.5
 NxN Ewald Elec. [F]                   1522.485360       92871.607     1.2
 NxN Ewald Elec. [V&F]                   15.409456        1294.394     0.0
 1,4 nonbonded interactions             327.706554       29493.590     0.4
 Calc Weights                           542.410848       19526.791     0.2
 Spread Q Bspline                     11571.431424       23142.863     0.3
 Gather F Bspline                     11571.431424       69428.589     0.9
 3D-FFT                               19015.080294      152120.642     1.9
 Solve PME                               28.800576        1843.237     0.0
 Reset In Box                             1.800768           5.402     0.0
 CG-CoM                                   1.815232           5.446     0.0
 Bonds                                   85.051701        5018.050     0.1
 Angles                                 290.405808       48788.176     0.6
 Propers                                293.455869       67201.394     0.8
 Impropers                               71.851437       14945.099     0.2
 Virial                                  18.533706         333.607     0.0
 Stop-CM                                  1.815232          18.152     0.0
 Calc-Ekin                               36.167232         976.515     0.0
 Lincs                                  100.568036        6034.082     0.1
 Lincs-Mat                              463.844496        1855.378     0.0
 Constraint-V                           201.132048        1609.056     0.0
 Constraint-Vir                          10.058212         241.397     0.0
-----------------------------------------------------------------------------
 Total                                                 8064940.286   100.0
-----------------------------------------------------------------------------


    D O M A I N   D E C O M P O S I T I O N   S T A T I S T I C S

 av. #atoms communicated per step for force:  2 x 2465.4
 av. #atoms communicated per step for LINCS:  2 x 146.9


Dynamic load balancing report:
 DLB got disabled because it was unsuitable to use.
 Average load imbalance: 27.8%.
 The balanceable part of the MD step is 43%, load imbalance is computed from this.
 Part of the total run time spent waiting due to load imbalance: 11.9%.

NOTE: 11.9 % of the available CPU time was lost due to load imbalance
      in the domain decomposition.
      You might want to use dynamic load balancing (option -dlb.)
      You can also consider manually changing the decomposition (option -dd);
      e.g. by using fewer domains along the box dimension in which there is
      considerable inhomogeneity in the simulated system.

     R E A L   C Y C L E   A N D   T I M E   A C C O U N T I N G

On 2 MPI ranks, each using 6 OpenMP threads

 Computing:          Num   Num      Call    Wall time         Giga-Cycles
                     Ranks Threads  Count      (s)         total sum    %
-----------------------------------------------------------------------------
 Domain decomp.         2    6        501       0.600         18.687   0.8
 DD comm. load          2    6        500       0.002          0.061   0.0
 DD comm. bounds        2    6        158       0.006          0.187   0.0
 Neighbor search        2    6        501       0.578         17.992   0.8
 Comm. coord.           2    6      49500       2.277         70.869   3.2
 Force                  2    6      50001      24.093        749.941  33.5
 Wait + Comm. F         2    6      50001       0.642         19.979   0.9
 PME mesh               2    6      50001      35.602       1108.183  49.5
 NB X/F buffer ops.     2    6     149001       2.955         91.981   4.1
 Write traj.            2    6          6       0.024          0.740   0.0
 Update                 2    6      50001       1.389         43.243   1.9
 Constraints            2    6      50003       2.942         91.566   4.1
 Comm. energies         2    6       5001       0.221          6.890   0.3
 Rest                                           0.523         16.286   0.7
-----------------------------------------------------------------------------
 Total                                         71.855       2236.606 100.0
-----------------------------------------------------------------------------
 Breakdown of PME mesh computation
-----------------------------------------------------------------------------
 PME redist. X/F        2    6     100002      13.911        432.988  19.4
 PME spread             2    6      50001       6.643        206.789   9.2
 PME gather             2    6      50001       6.310        196.403   8.8
 PME 3D-FFT             2    6     100002       5.174        161.059   7.2
 PME 3D-FFT Comm.       2    6     100002       3.315        103.188   4.6
 PME solve Elec         2    6      50001       0.164          5.112   0.2
-----------------------------------------------------------------------------

               Core t (s)   Wall t (s)        (%)
       Time:      862.256       71.855     1200.0
                 (ns/day)    (hour/ns)
Performance:      120.244        0.200
Finished mdrun on rank 0 Mon Oct 30 17:19:04 2023

