            --------------------------------------------------------
                             AMBER SQM VERSION 19
 
                                     By
              Ross C. Walker, Michael F. Crowley, Scott Brozell,
                         Tim Giese, Andreas W. Goetz,
                        Tai-Sung Lee and David A. Case
 
            --------------------------------------------------------
 

--------------------------------------------------------------------------------
  QM CALCULATION INFO
--------------------------------------------------------------------------------

| QMMM: Citation for AMBER QMMM Run:
| QMMM: R.C. Walker, M.F. Crowley and D.A. Case, J. COMP. CHEM. 29:1019, 2008

QMMM: SINGLET STATE CALCULATION
QMMM: RHF CALCULATION, NO. OF DOUBLY OCCUPIED LEVELS = 10

| QMMM: *** Selected Hamiltonian *** 
| QMMM: AM1         

| QMMM: *** Parameter sets in use ***
| QMMM: C : M.J.S.DEWAR et al. JACS, 107, 3902, (1985)
| QMMM: O : M.J.S.DEWAR et al. JACS, 107, 3902, (1985)
| QMMM: H : M.J.S.DEWAR et al. JACS, 107, 3902, (1985)

| QMMM: *** SCF convergence criteria ***
| QMMM: Energy change                :  0.1D-09 kcal/mol
| QMMM: Error matrix |FP-PF|         :  0.1D+00 au
| QMMM: Density matrix change        :  0.5D-06
| QMMM: Maximum number of SCF cycles :     1000

| QMMM: *** Diagonalization Routine Information ***
| QMMM: Pseudo diagonalizations are allowed.
| QMMM: Auto diagonalization routine selection is in use.
| QMMM:
| QMMM: Timing diagonalization routines:
| QMMM:                              norbs =       18
| QMMM:    diag iterations used for timing =       20
| QMMM:
| QMMM:              Internal diag routine = 0.000625 seconds
| QMMM:                 Dspev diag routine = 0.001062 seconds
| QMMM:                Dspevd diag routine = 0.001257 seconds
| QMMM:                Dspevx diag routine = 0.003633 seconds
| QMMM:                 Dsyev diag routine = 0.000970 seconds
| QMMM:                Dsyevd diag routine = 0.001016 seconds
| QMMM:                Dsyevr diag routine = 0.001445 seconds
| QMMM:
| QMMM:                Pseudo diag routine = 0.000132 seconds
| QMMM:
| QMMM: Using internal diagonalization routine (diag_routine=1).

  QMMM: QM Region Cartesian Coordinates (*=link atom) 
  QMMM: QM_NO.   MM_NO.  ATOM         X         Y         Z
  QMMM:     1        1      C        1.2850   -0.2460   -0.0000
  QMMM:     2        2      C       -0.0110    0.5660    0.0000
  QMMM:     3        3      O       -1.1300   -0.3220    0.0000
  QMMM:     4        4      H        2.1390    0.4320   -0.0000
  QMMM:     5        5      H        1.3200   -0.8740    0.8900
  QMMM:     6        6      H        1.3200   -0.8740   -0.8900
  QMMM:     7        7      H       -0.0460    1.1950    0.8900
  QMMM:     8        8      H       -0.0460    1.1950   -0.8900
  QMMM:     9        9      H       -1.9250    0.2290    0.0000

--------------------------------------------------------------------------------
  RESULTS
--------------------------------------------------------------------------------

      iter         sqm energy              rms gradient
      ----    -------------------    -----------------------
xmin    10      -62.7242 kcal/mol        0.0131 kcal/(mol*A)
xmin    20      -62.7242 kcal/mol        0.0030 kcal/(mol*A)
  ... geometry converged !
 
 Final MO eigenvalues (eV):
 -38.0991  -31.4106  -23.2456  -18.4193  -16.1105  -14.9693  -13.1875  -12.8313
 -12.3293  -10.8756    3.5650    3.8944    4.1216    4.3377    4.8271    4.8626
   5.0389    6.2823

 Heat of formation   =        -62.72424279 kcal/mol  (       -2.71992727 eV)

 Total SCF energy    =     -15215.39034266 kcal/mol  (     -659.78883581 eV)
 Electronic energy   =     -41254.19212730 kcal/mol  (    -1788.91601090 eV)
 Core-core repulsion =      26038.80178464 kcal/mol  (     1129.12717509 eV)
 
    Atomic Charges for Step       1 :
  Atom    Element       Mulliken Charge
     1      C                 -0.215
     2      C                 -0.019
     3      O                 -0.330
     4      H                  0.077
     5      H                  0.087
     6      H                  0.087
     7      H                  0.058
     8      H                  0.058
     9      H                  0.197
 Total Mulliken Charge =      -0.000
 
                  X        Y        Z     TOTAL  
  QM DIPOLE     0.153    1.543    0.001    1.551
 
 Final Structure

  QMMM: QM Region Cartesian Coordinates (*=link atom) 
  QMMM: QM_NO.   MM_NO.  ATOM         X         Y         Z
  QMMM:     1        1      C        1.2635   -0.2458   -0.0001
  QMMM:     2        2      C       -0.0049    0.5766    0.0001
  QMMM:     3        3      O       -1.0971   -0.3303   -0.0002
  QMMM:     4        4      H        2.1480    0.4337   -0.0000
  QMMM:     5        5      H        1.3019   -0.8989    0.9042
  QMMM:     6        6      H        1.3018   -0.8986   -0.9045
  QMMM:     7        7      H       -0.0540    1.2300    0.9129
  QMMM:     8        8      H       -0.0540    1.2305   -0.9124
  QMMM:     9        9      H       -1.8992    0.2038    0.0001

           --------- Calculation Completed ----------

